<?xml version="1.0" encoding="UTF-8"?>
<!-- Generated by org.testng.reporters.JUnitReportReporter -->
<testsuite hostname="DESKTOP-1FJC9IP" failures="0" tests="1" name="com.qa.facebook.tests.LoginTest" time="29.774" errors="0" timestamp="2022-09-24T16:14:29 IST" skipped="0">
  <testcase classname="com.qa.facebook.tests.LoginTest" name="loginTest" time="29.774"/>
  <system-out/>
</testsuite> <!-- com.qa.facebook.tests.LoginTest -->
